Arguments: 
  C:\Program Files\nodejs\node.exe C:\Users\Bijan\AppData\Roaming\npm\node_modules\yarn\bin\yarn.js install express --save

PATH: 
  C:\Program Files\Git\mingw64\bin;C:\Program Files\Git\usr\bin;C:\Users\Bijan\bin;C:\Program Files (x86)\Intel\iCLS Client;C:\Program Files\Intel\iCLS Client;C:\Program Files (x86)\NVIDIA Corporation\PhysX\Common;C:\WINDOWS\system32;C:\WINDOWS;C:\WINDOWS\System32\Wbem;C:\WINDOWS\System32\WindowsPowerShell\v1.0;C:\Program Files\Intel\Intel(R) Management Engine Components\DAL;C:\Program Files\Intel\Intel(R) Management Engine Components\IPT;C:\Program Files (x86)\Intel\Intel(R) Management Engine Components\DAL;C:\Program Files (x86)\Intel\Intel(R) Management Engine Components\IPT;C:\Program Files (x86)\Intel\OpenCL SDK\3.0\bin\x86;C:\Program Files (x86)\Intel\OpenCL SDK\3.0\bin\x64;C:\Program Files (x86)\Brackets\command;C:\Program Files\Git\cmd;C:\Program Files\nodejs;C:\Users\Bijan\AppData\Local\atom\bin;C:\Users\Bijan\AppData\Local\Microsoft\WindowsApps;C:\Program Files\Heroku\bin;C:\Program Files\Microsoft VS Code\bin;C:\Users\Bijan\AppData\Roaming\npm

Yarn version: 
  1.5.1

Node version: 
  9.7.1

Platform: 
  win32 x64

npm manifest: 
  {
    "name": "server",
    "version": "1.0.0",
    "main": "index.js",
    "license": "MIT"
  }

yarn manifest: 
  No manifest

Lockfile: 
  No lockfile

Trace: 
  Error: `install` has been replaced with `add` to add new dependencies. Run "yarn add express" instead.
      at new MessageError (C:\Users\Bijan\AppData\Roaming\npm\node_modules\yarn\lib\cli.js:186:110)
      at Object.<anonymous> (C:\Users\Bijan\AppData\Roaming\npm\node_modules\yarn\lib\cli.js:21987:13)
      at Generator.next (<anonymous>)
      at step (C:\Users\Bijan\AppData\Roaming\npm\node_modules\yarn\lib\cli.js:98:30)
      at C:\Users\Bijan\AppData\Roaming\npm\node_modules\yarn\lib\cli.js:109:13
      at <anonymous>
